Nov-01 15:37:11.170 [main] DEBUG nextflow.cli.Launcher - $> nextflow run hello
Nov-01 15:37:11.270 [main] INFO  nextflow.cli.CmdRun - N E X T F L O W  ~  version 22.10.1
Nov-01 15:37:11.305 [main] DEBUG nextflow.plugin.PluginsFacade - Setting up plugin manager > mode=prod; embedded=false; plugins-dir=/home/bignik/.nextflow/plugins; core-plugins: nf-amazon@1.11.0,nf-azure@0.14.2,nf-codecommit@0.1.2,nf-console@1.0.4,nf-ga4gh@1.0.4,nf-google@1.4.4,nf-tower@1.5.5,nf-wave@0.5.2
Nov-01 15:37:11.321 [main] INFO  org.pf4j.DefaultPluginStatusProvider - Enabled plugins: []
Nov-01 15:37:11.322 [main] INFO  org.pf4j.DefaultPluginStatusProvider - Disabled plugins: []
Nov-01 15:37:11.326 [main] INFO  org.pf4j.DefaultPluginManager - PF4J version 3.4.1 in 'deployment' mode
Nov-01 15:37:11.342 [main] INFO  org.pf4j.AbstractPluginManager - No plugins
Nov-01 15:37:11.366 [main] DEBUG nextflow.scm.ProviderConfig - Using SCM config path: /home/bignik/.nextflow/scm
Nov-01 15:37:11.378 [main] DEBUG nextflow.scm.AssetManager - Listing projects in folder: /home/bignik/.nextflow/assets
Nov-01 15:37:11.404 [main] DEBUG nextflow.scm.RepositoryFactory - Found Git repository result: [RepositoryFactory]
Nov-01 15:37:11.421 [main] INFO  nextflow.cli.CmdRun - Pulling nextflow-io/hello ...
Nov-01 15:37:11.422 [main] DEBUG nextflow.scm.RepositoryProvider - Request [credentials -:-] -> https://api.github.com/repos/nextflow-io/hello/contents/nextflow.config
Nov-01 15:37:14.158 [main] DEBUG nextflow.scm.RepositoryProvider - Request [credentials -:-] -> https://api.github.com/repos/nextflow-io/hello/contents/main.nf
Nov-01 15:37:14.412 [main] DEBUG nextflow.scm.RepositoryProvider - Request [credentials -:-] -> https://api.github.com/repos/nextflow-io/hello
Nov-01 15:37:14.687 [main] DEBUG nextflow.scm.AssetManager - Pulling nextflow-io/hello -- Using remote clone url: https://github.com/nextflow-io/hello.git
Nov-01 15:37:20.037 [main] INFO  nextflow.cli.CmdRun -  downloaded from https://github.com/nextflow-io/hello.git
Nov-01 15:37:20.094 [main] DEBUG nextflow.config.ConfigBuilder - Found config base: /home/bignik/.nextflow/assets/nextflow-io/hello/nextflow.config
Nov-01 15:37:20.096 [main] DEBUG nextflow.config.ConfigBuilder - Parsing config file: /home/bignik/.nextflow/assets/nextflow-io/hello/nextflow.config
Nov-01 15:37:20.111 [main] DEBUG nextflow.config.ConfigBuilder - Applying config profile: `standard`
Nov-01 15:37:20.171 [main] DEBUG nextflow.cli.CmdRun - Applied DSL=2 from script declararion
Nov-01 15:37:20.173 [main] INFO  nextflow.cli.CmdRun - Launching `https://github.com/nextflow-io/hello` [sad_volta] DSL2 - revision: 4eab81bd42 [master]
Nov-01 15:37:20.174 [main] DEBUG nextflow.plugin.PluginsFacade - Plugins default=[]
Nov-01 15:37:20.174 [main] DEBUG nextflow.plugin.PluginsFacade - Plugins resolved requirement=[]
Nov-01 15:37:20.180 [main] DEBUG nextflow.secret.LocalSecretsProvider - Secrets store: /home/bignik/.nextflow/secrets/store.json
Nov-01 15:37:20.185 [main] DEBUG nextflow.secret.SecretsLoader - Discovered secrets providers: [nextflow.secret.LocalSecretsProvider@16c1519e] - activable => nextflow.secret.LocalSecretsProvider@16c1519e
Nov-01 15:37:20.273 [main] DEBUG nextflow.Session - Session UUID: 7d196428-e4e7-45ab-968f-220d3378c5c3
Nov-01 15:37:20.273 [main] DEBUG nextflow.Session - Run name: sad_volta
Nov-01 15:37:20.273 [main] DEBUG nextflow.Session - Executor pool size: 8
Nov-01 15:37:20.285 [main] DEBUG nextflow.util.ThreadPoolBuilder - Creating thread pool 'FileTransfer' minSize=10; maxSize=24; workQueue=LinkedBlockingQueue[10000]; allowCoreThreadTimeout=false
Nov-01 15:37:20.322 [main] DEBUG nextflow.cli.CmdRun - 
  Version: 22.10.1 build 5828
  Created: 27-10-2022 16:58 UTC (23:58 NOVST)
  System: Linux 5.15.0-52-generic
  Runtime: Groovy 3.0.13 on OpenJDK 64-Bit Server VM 11.0.16+8-post-Ubuntu-0ubuntu122.04
  Encoding: UTF-8 (UTF-8)
  Process: 7462@bignik-X550JK [127.0.1.1]
  CPUs: 8 - Mem: 7.6 GB (837.8 MB) - Swap: 2 GB (2 GB)
Nov-01 15:37:20.352 [main] DEBUG nextflow.Session - Work-dir: /home/bignik/Documents/GitHub/BioInformatics2022/Part2/work [ext2/ext3]
Nov-01 15:37:20.352 [main] DEBUG nextflow.Session - Script base path does not exist or is not a directory: /home/bignik/.nextflow/assets/nextflow-io/hello/bin
Nov-01 15:37:20.363 [main] DEBUG nextflow.executor.ExecutorFactory - Extension executors providers=[]
Nov-01 15:37:20.375 [main] DEBUG nextflow.Session - Observer factory: DefaultObserverFactory
Nov-01 15:37:20.414 [main] DEBUG nextflow.cache.CacheFactory - Using Nextflow cache factory: nextflow.cache.DefaultCacheFactory
Nov-01 15:37:20.425 [main] DEBUG nextflow.util.CustomThreadPool - Creating default thread pool > poolSize: 9; maxThreads: 1000
Nov-01 15:37:20.658 [main] DEBUG nextflow.Session - Session start
Nov-01 15:37:20.930 [main] DEBUG nextflow.script.ScriptRunner - > Launching execution
Nov-01 15:37:21.033 [main] DEBUG nextflow.executor.ExecutorFactory - << taskConfig executor: null
Nov-01 15:37:21.034 [main] DEBUG nextflow.executor.ExecutorFactory - >> processorType: 'local'
Nov-01 15:37:21.041 [main] DEBUG nextflow.executor.Executor - [warm up] executor > local
Nov-01 15:37:21.047 [main] DEBUG n.processor.LocalPollingMonitor - Creating local task monitor for executor 'local' > cpus=8; memory=7.6 GB; capacity=8; pollInterval=100ms; dumpInterval=5m
Nov-01 15:37:21.185 [main] DEBUG nextflow.Session - Workflow process names [dsl2]: sayHello
Nov-01 15:37:21.186 [main] DEBUG nextflow.Session - Igniting dataflow network (2)
Nov-01 15:37:21.186 [main] DEBUG nextflow.processor.TaskProcessor - Starting process > sayHello
Nov-01 15:37:21.187 [main] DEBUG nextflow.script.ScriptRunner - > Awaiting termination 
Nov-01 15:37:21.187 [main] DEBUG nextflow.Session - Session await
Nov-01 15:37:21.413 [Task submitter] DEBUG n.executor.local.LocalTaskHandler - Launch cmd line: /bin/bash -ue .command.run
Nov-01 15:37:21.415 [Task submitter] INFO  nextflow.Session - [76/e4c930] Submitted process > sayHello (3)
Nov-01 15:37:21.425 [Task submitter] DEBUG n.executor.local.LocalTaskHandler - Launch cmd line: /bin/bash -ue .command.run
Nov-01 15:37:21.426 [Task submitter] INFO  nextflow.Session - [e6/967a71] Submitted process > sayHello (1)
Nov-01 15:37:21.432 [Task submitter] DEBUG n.executor.local.LocalTaskHandler - Launch cmd line: /bin/bash -ue .command.run
Nov-01 15:37:21.433 [Task submitter] INFO  nextflow.Session - [5f/8cc562] Submitted process > sayHello (2)
Nov-01 15:37:21.439 [Task submitter] DEBUG n.executor.local.LocalTaskHandler - Launch cmd line: /bin/bash -ue .command.run
Nov-01 15:37:21.471 [Task submitter] INFO  nextflow.Session - [24/11ea4e] Submitted process > sayHello (4)
Nov-01 15:37:21.507 [Task monitor] DEBUG n.processor.TaskPollingMonitor - Task completed > TaskHandler[id: 3; name: sayHello (3); status: COMPLETED; exit: 0; error: -; workDir: /home/bignik/Documents/GitHub/BioInformatics2022/Part2/work/76/e4c930e66d3793f7c3f0c3d9548374]
Nov-01 15:37:21.525 [Task monitor] DEBUG n.processor.TaskPollingMonitor - Task completed > TaskHandler[id: 1; name: sayHello (1); status: COMPLETED; exit: 0; error: -; workDir: /home/bignik/Documents/GitHub/BioInformatics2022/Part2/work/e6/967a714194d44a5f39ead0ce7dab28]
Nov-01 15:37:21.531 [Task monitor] DEBUG n.processor.TaskPollingMonitor - Task completed > TaskHandler[id: 2; name: sayHello (2); status: COMPLETED; exit: 0; error: -; workDir: /home/bignik/Documents/GitHub/BioInformatics2022/Part2/work/5f/8cc562ac10b4467200787783017ff5]
Nov-01 15:37:21.536 [Task monitor] DEBUG n.processor.TaskPollingMonitor - Task completed > TaskHandler[id: 4; name: sayHello (4); status: COMPLETED; exit: 0; error: -; workDir: /home/bignik/Documents/GitHub/BioInformatics2022/Part2/work/24/11ea4eb5c3d35c888f0e3c4a8d1f7a]
Nov-01 15:37:21.542 [main] DEBUG nextflow.Session - Session await > all processes finished
Nov-01 15:37:21.601 [main] DEBUG nextflow.Session - Session await > all barriers passed
Nov-01 15:37:21.607 [main] DEBUG nextflow.trace.WorkflowStatsObserver - Workflow completed > WorkflowStats[succeededCount=4; failedCount=0; ignoredCount=0; cachedCount=0; pendingCount=0; submittedCount=0; runningCount=0; retriesCount=0; abortedCount=0; succeedDuration=186ms; failedDuration=0ms; cachedDuration=0ms;loadCpus=0; loadMemory=0; peakRunning=4; peakCpus=4; peakMemory=0; ]
Nov-01 15:37:21.737 [main] DEBUG nextflow.cache.CacheDB - Closing CacheDB done
Nov-01 15:37:21.770 [main] DEBUG nextflow.util.ThreadPoolManager - Thread pool 'FileTransfer' shutdown completed (hard=false)
Nov-01 15:37:21.770 [main] DEBUG nextflow.script.ScriptRunner - > Execution complete -- Goodbye
